commit 798531bb9ff9d970f47e7e1db467e0b38356fd59
Author: wmair-tgm <wmair@student.tgm.ac.at>
Date:   Tue Nov 5 23:19:50 2013 +0100

    Verschoenerung des Protokolls

 H05_Protokoll_Mair_Vogt.docx | Bin 26312 -> 31772 bytes
 1 file changed, 0 insertions(+), 0 deletions(-)

commit e1f04441e6549ea95c9fabdb863c44898a9de527
Author: wmair-tgm <wmair@student.tgm.ac.at>
Date:   Tue Nov 5 22:45:46 2013 +0100

    Kommentare + Code merge

 Adressbuch_Testing.c | 2 +-
 1 file changed, 1 insertion(+), 1 deletion(-)

commit 0c1d80a35a902d17a1b2c3a5aa9073deb9309f97
Merge: ee29467 f0aee16
Author: wmair-tgm <wmair@student.tgm.ac.at>
Date:   Tue Nov 5 22:45:11 2013 +0100

    Merge branch 'master' of https://github.com/wmair-tgm/C_SYT_A05

commit ee294673022a68971da7b8dc099c17c63a74923e
Merge: 9cd88cd 7819061
Author: wmair-tgm <wmair@student.tgm.ac.at>
Date:   Tue Nov 5 22:44:08 2013 +0100

    Kommentare + Code merge

commit f0aee1631a3962cc30330c8e7b5e0fd8d69df8a0
Author: Andreas Vogt <andi6444@hotmail.com>
Date:   Tue Nov 5 22:38:55 2013 +0100

    Dokuementation + Protokoll

 Adressbuch_Testing.c         |   2 +-
 H05_Protokoll_Mair_Vogt.docx | Bin 21587 -> 26312 bytes
 ~WRL1308.tmp                 | Bin 0 -> 21587 bytes
 3 files changed, 1 insertion(+), 1 deletion(-)

commit 9cd88cd2789061e2eec69fea59a3101efbf0c7fc
Author: wmair-tgm <wmair@student.tgm.ac.at>
Date:   Tue Nov 5 22:23:12 2013 +0100

    Fehlerverbesserung V1.2 hinzufuegen von free

 Adressbuch_Testing.c | 57 ++++++++++++++++++++++++++++++++++++++--------------
 1 file changed, 42 insertions(+), 15 deletions(-)

commit 78190611c09c860b41600c49fbce3a1e6d6dfc30
Author: Andreas Vogt <andi6444@hotmail.com>
Date:   Tue Nov 5 21:29:15 2013 +0100

    Adressbuch

 Adressbuch_Testing.c | 43 +++++++++++++++++++++++++++----------------
 1 file changed, 27 insertions(+), 16 deletions(-)

commit 0903c2d4480656b95d1dec5a7cd8fa83bdfbc6ed
Author: wmair-tgm <wmair@student.tgm.ac.at>
Date:   Tue Nov 5 20:58:39 2013 +0100

    Fehlerverbesserung V1.1 anz in structs entfernen da es nicht funktioniert wie gedacht

 Adressbuch_Testing.c | 85 +++++++++++++++++++++++++++++++++++++++-------------
 1 file changed, 65 insertions(+), 20 deletions(-)

commit 8910d96d33ce6301c0874d088811efd38e46d351
Author: wmair-tgm <wmair@student.tgm.ac.at>
Date:   Tue Nov 5 19:54:06 2013 +0100

    Fehlerverbesserung bis zur ausfuehrbarkeit

 Adressbuch_Testing.c | 96 +++++++++++++++++++++++++++++++++-------------------
 1 file changed, 61 insertions(+), 35 deletions(-)

commit 5d40754a7967d0d6ca9ddcc32826159f53747a30
Author: Andreas Vogt <andi6444@hotmail.com>
Date:   Tue Nov 5 19:22:13 2013 +0100

    Taschenrechner Kommentare + anfang Protokoll

 H05_Protokoll_Mair_Vogt.docx | Bin 0 -> 21587 bytes
 Taschenrechner.c             |  33 +++++++++++++++++++++------------
 ~$5_Protokoll_Mair_Vogt.docx | Bin 0 -> 162 bytes
 3 files changed, 21 insertions(+), 12 deletions(-)

commit 16a9346659d5e2d7195fddcc2e4af37af3d0bb5c
Author: wmair-tgm <wmair@student.tgm.ac.at>
Date:   Tue Nov 5 14:11:12 2013 +0100

    Kleine verbessersung/veraenderungen

 Adressbuch_Testing.c | 13 +++++++------
 1 file changed, 7 insertions(+), 6 deletions(-)

commit c715b786f0abe44513c337aefbec03bcb627ac82
Author: wmair-tgm <wmair@student.tgm.ac.at>
Date:   Mon Nov 4 16:44:44 2013 +0100

    a new try

 Adressbuch_Testing.c | 74 ++++++++++++++++++++++++++++++++++++++++++++++++++++
 1 file changed, 74 insertions(+)

commit b46791b1fc619337de177df82c21e7295dd53eba
Merge: 9ba3e9b 6a765a4
Author: Andreas Vogt <andi6444@hotmail.com>
Date:   Mon Nov 4 13:09:19 2013 +0100

    Merge branch 'master' of https://github.com/wmair-tgm/C_SYT_A05

commit 9ba3e9b7d55e19bcc2bfe96eac18e07825044760
Author: Andreas Vogt <andi6444@hotmail.com>
Date:   Mon Nov 4 13:03:32 2013 +0100

    Version hat Bugs

 Adressbuch.c | 70 +++++++++++++++++++++++++++++++++++++++++++-----------------
 1 file changed, 51 insertions(+), 19 deletions(-)

commit 6a765a419ab8bb66f9bf208dc62128939cd23a6e
Merge: d07a9aa b5624e7
Author: wmair-tgm <wmair@student.tgm.ac.at>
Date:   Fri Oct 18 11:32:38 2013 +0200

    Merge branch 'master' of https://github.com/wmair-tgm/C_SYT_A05

commit d07a9aae65f6a3d31c8bae49f9cabf2db3e0e43b
Author: wmair-tgm <wmair@student.tgm.ac.at>
Date:   Fri Oct 18 11:31:25 2013 +0200

    Taschenrechner V1.5 mit Funktionspointer array

 Taschenrechner.c | 29 +++++++++++++++--------------
 1 file changed, 15 insertions(+), 14 deletions(-)

commit b5624e7ba96d2bbee0cab36c830d2245b27420e2
Author: Andreas Vogt <andi6444@hotmail.com>
Date:   Fri Oct 18 11:02:46 2013 +0200

    verbessert

 Adressbuch.c | 18 +++++++++---------
 1 file changed, 9 insertions(+), 9 deletions(-)

commit 85546dd50d65e12a5f330a356ec65a747fd6cc7b
Merge: 8038d90 b4e0463
Author: Andreas Vogt <andi6444@hotmail.com>
Date:   Fri Oct 18 10:53:26 2013 +0200

    Merge branch 'master' of https://github.com/wmair-tgm/C_SYT_A05

commit 8038d906f434b859ad367ea4240881d9e8d2d7fb
Author: Andreas Vogt <andi6444@hotmail.com>
Date:   Fri Oct 18 10:49:52 2013 +0200

    erster commit

 Adressbuch.c | 37 +++++++++++++++++++++++++++++++++++++
 1 file changed, 37 insertions(+)

commit b4e046317f217d3daa4aced582f3fd7feedab440
Author: wmair-tgm <wmair@student.tgm.ac.at>
Date:   Fri Oct 18 10:46:52 2013 +0200

    Taschenrechner V1.0

 Taschenrechner.c | 179 +++++++++++++++++++++++++++++++++++++++++++++++++++++++
 1 file changed, 179 insertions(+)
